<?xml version="1.0" encoding="UTF-8"?>
<testsuite xmlns:xsi="http://www.w3.org/2001/XMLSchema-instance" xsi:noNamespaceSchemaLocation="https://maven.apache.org/surefire/maven-surefire-plugin/xsd/surefire-test-report-3.0.xsd" version="3.0" name="teampixl.com.pixlpos.constructs.IngredientsTest" time="0.009" tests="2" errors="0" skipped="0" failures="0">
  <properties>
    <property name="java.specification.version" value="21"/>
    <property name="sun.cpu.isalist" value="amd64"/>
    <property name="sun.jnu.encoding" value="Cp1252"/>
    <property name="java.class.path" value="C:\Users\parke\OneDrive\Documents\SoftwareEngineering\Semester2-2024\CAB302\PIXL-POS\target\test-classes;C:\Users\parke\.m2\repository\org\openjfx\javafx-controls\22\javafx-controls-22.jar;C:\Users\parke\.m2\repository\org\openjfx\javafx-graphics\22\javafx-graphics-22.jar;C:\Users\parke\.m2\repository\org\openjfx\javafx-base\22\javafx-base-22.jar;C:\Users\parke\.m2\repository\org\openjfx\javafx-fxml\22\javafx-fxml-22.jar;C:\Users\parke\.m2\repository\org\xerial\sqlite-jdbc\3.41.2.2\sqlite-jdbc-3.41.2.2.jar;C:\Users\parke\.m2\repository\org\springframework\security\spring-security-crypto\5.6.4\spring-security-crypto-5.6.4.jar;"/>
    <property name="java.vm.vendor" value="Amazon.com Inc."/>
    <property name="sun.arch.data.model" value="64"/>
    <property name="user.variant" value=""/>
    <property name="java.vendor.url" value="https://aws.amazon.com/corretto/"/>
    <property name="user.timezone" value="Australia/Brisbane"/>
    <property name="os.name" value="Windows 11"/>
    <property name="java.vm.specification.version" value="21"/>
    <property name="sun.java.launcher" value="SUN_STANDARD"/>
    <property name="user.country" value="AU"/>
    <property name="sun.boot.library.path" value="C:\Program Files\Amazon Corretto\jdk21.0.4_7\bin"/>
    <property name="sun.java.command" value="org.apache.maven.surefire.booter.ForkedBooter C:\Users\parke\AppData\Local\Temp\surefire13943398271657573275 2024-09-14T10-46-09_358-jvmRun1 surefire-20240914104609679_1tmp surefire_0-20240914104609679_2tmp"/>
    <property name="jdk.debug" value="release"/>
    <property name="surefire.test.class.path" value="C:\Users\parke\OneDrive\Documents\SoftwareEngineering\Semester2-2024\CAB302\PIXL-POS\target\test-classes;C:\Users\parke\.m2\repository\org\openjfx\javafx-controls\22\javafx-controls-22.jar;C:\Users\parke\.m2\repository\org\openjfx\javafx-graphics\22\javafx-graphics-22.jar;C:\Users\parke\.m2\repository\org\openjfx\javafx-base\22\javafx-base-22.jar;C:\Users\parke\.m2\repository\org\openjfx\javafx-fxml\22\javafx-fxml-22.jar;C:\Users\parke\.m2\repository\org\xerial\sqlite-jdbc\3.41.2.2\sqlite-jdbc-3.41.2.2.jar;C:\Users\parke\.m2\repository\org\springframework\security\spring-security-crypto\5.6.4\spring-security-crypto-5.6.4.jar;"/>
    <property name="sun.cpu.endian" value="little"/>
    <property name="user.home" value="C:\Users\parke"/>
    <property name="user.language" value="en"/>
    <property name="java.specification.vendor" value="Oracle Corporation"/>
    <property name="jdk.module.path" value="C:\Users\parke\OneDrive\Documents\SoftwareEngineering\Semester2-2024\CAB302\PIXL-POS\target\classes;C:\Users\parke\.m2\repository\org\openjfx\javafx-controls\22\javafx-controls-22-win.jar;C:\Users\parke\.m2\repository\org\openjfx\javafx-graphics\22\javafx-graphics-22-win.jar;C:\Users\parke\.m2\repository\org\openjfx\javafx-base\22\javafx-base-22-win.jar;C:\Users\parke\.m2\repository\org\openjfx\javafx-fxml\22\javafx-fxml-22-win.jar;C:\Users\parke\.m2\repository\org\junit\jupiter\junit-jupiter-api\5.8.2\junit-jupiter-api-5.8.2.jar;C:\Users\parke\.m2\repository\org\opentest4j\opentest4j\1.2.0\opentest4j-1.2.0.jar;C:\Users\parke\.m2\repository\org\apiguardian\apiguardian-api\1.1.2\apiguardian-api-1.1.2.jar;C:\Users\parke\.m2\repository\org\junit\jupiter\junit-jupiter-engine\5.8.2\junit-jupiter-engine-5.8.2.jar;C:\Users\parke\.m2\repository\org\junit\platform\junit-platform-engine\1.8.2\junit-platform-engine-1.8.2.jar;C:\Users\parke\.m2\repository\org\junit\platform\junit-platform-commons\1.8.2\junit-platform-commons-1.8.2.jar;C:\Users\parke\.m2\repository\org\mindrot\jbcrypt\0.4\jbcrypt-0.4.jar;C:\Users\parke\.m2\repository\org\junit\jupiter\junit-jupiter\5.11.0\junit-jupiter-5.11.0.jar;C:\Users\parke\.m2\repository\org\junit\jupiter\junit-jupiter-params\5.11.0\junit-jupiter-params-5.11.0.jar"/>
    <property name="java.version.date" value="2024-07-16"/>
    <property name="java.home" value="C:\Program Files\Amazon Corretto\jdk21.0.4_7"/>
    <property name="file.separator" value="\"/>
    <property name="basedir" value="C:\Users\parke\OneDrive\Documents\SoftwareEngineering\Semester2-2024\CAB302\PIXL-POS"/>
    <property name="java.vm.compressedOopsMode" value="Zero based"/>
    <property name="line.separator" value="&#10;"/>
    <property name="java.vm.specification.vendor" value="Oracle Corporation"/>
    <property name="java.specification.name" value="Java Platform API Specification"/>
    <property name="surefire.real.class.path" value="C:\Users\parke\.m2\repository\org\apache\maven\surefire\surefire-booter\3.2.5\surefire-booter-3.2.5.jar;C:\Users\parke\.m2\repository\org\apache\maven\surefire\surefire-api\3.2.5\surefire-api-3.2.5.jar;C:\Users\parke\.m2\repository\org\apache\maven\surefire\surefire-logger-api\3.2.5\surefire-logger-api-3.2.5.jar;C:\Users\parke\.m2\repository\org\apache\maven\surefire\surefire-shared-utils\3.2.5\surefire-shared-utils-3.2.5.jar;C:\Users\parke\.m2\repository\org\apache\maven\surefire\surefire-extensions-spi\3.2.5\surefire-extensions-spi-3.2.5.jar;C:\Users\parke\OneDrive\Documents\SoftwareEngineering\Semester2-2024\CAB302\PIXL-POS\target\test-classes;C:\Users\parke\.m2\repository\org\openjfx\javafx-controls\22\javafx-controls-22.jar;C:\Users\parke\.m2\repository\org\openjfx\javafx-graphics\22\javafx-graphics-22.jar;C:\Users\parke\.m2\repository\org\openjfx\javafx-base\22\javafx-base-22.jar;C:\Users\parke\.m2\repository\org\openjfx\javafx-fxml\22\javafx-fxml-22.jar;C:\Users\parke\.m2\repository\org\xerial\sqlite-jdbc\3.41.2.2\sqlite-jdbc-3.41.2.2.jar;C:\Users\parke\.m2\repository\org\springframework\security\spring-security-crypto\5.6.4\spring-security-crypto-5.6.4.jar;C:\Users\parke\.m2\repository\org\apache\maven\surefire\surefire-junit-platform\3.2.5\surefire-junit-platform-3.2.5.jar;C:\Users\parke\.m2\repository\org\apache\maven\surefire\common-java5\3.2.5\common-java5-3.2.5.jar;C:\Users\parke\.m2\repository\org\junit\platform\junit-platform-launcher\1.8.2\junit-platform-launcher-1.8.2.jar"/>
    <property name="user.script" value=""/>
    <property name="sun.management.compiler" value="HotSpot 64-Bit Tiered Compilers"/>
    <property name="java.runtime.version" value="21.0.4+7-LTS"/>
    <property name="user.name" value="parke"/>
    <property name="stdout.encoding" value="Cp1252"/>
    <property name="path.separator" value=";"/>
    <property name="os.version" value="10.0"/>
    <property name="java.runtime.name" value="OpenJDK Runtime Environment"/>
    <property name="file.encoding" value="UTF-8"/>
    <property name="java.vm.name" value="OpenJDK 64-Bit Server VM"/>
    <property name="java.vendor.version" value="Corretto-21.0.4.7.1"/>
    <property name="localRepository" value="C:\Users\parke\.m2\repository"/>
    <property name="java.vendor.url.bug" value="https://github.com/corretto/corretto-21/issues/"/>
    <property name="java.io.tmpdir" value="C:\Users\parke\AppData\Local\Temp\"/>
    <property name="java.version" value="21.0.4"/>
    <property name="user.dir" value="C:\Users\parke\OneDrive\Documents\SoftwareEngineering\Semester2-2024\CAB302\PIXL-POS"/>
    <property name="os.arch" value="amd64"/>
    <property name="java.vm.specification.name" value="Java Virtual Machine Specification"/>
    <property name="sun.os.patch.level" value=""/>
    <property name="native.encoding" value="Cp1252"/>
    <property name="java.library.path" value="C:\Program Files\Amazon Corretto\jdk21.0.4_7\bin;C:\Windows\Sun\Java\bin;C:\Windows\system32;C:\Windows;C:\Windows\System32\OpenSSH\;C:\Program Files\Amazon Corretto\jdk21.0.4_7\bin;C:\Program Files\Microsoft SDKs\Azure\CLI2\wbin;C:\Program Files\Amazon Corretto\jdk21.0.4_7\bin;C:\Windows\system32;C:\Windows;C:\Windows\System32\Wbem;C:\Windows\System32\WindowsPowerShell\v1.0\;C:\Program Files\dotnet\;C:\Program Files\MATLAB\R2023b\runtime\win64;C:\Program Files\MATLAB\R2023b\bin;C:\Program Files\Microsoft SQL Server\150\Tools\Binn\;C:\Program Files\Microsoft SQL Server\Client SDK\ODBC\170\Tools\Binn\;C:\Program Files (x86)\Windows Kits\10\Windows Performance Toolkit\;C:\Program Files\Docker\Docker\resources\bin;C:\Program Files\Git\cmd;C:\Users\parke\OneDrive\Documents\apache-maven-3.9.9\bin;C:\Program Files\GitHub CLI\;C:\Users\parke\AppData\Local\Programs\Python\Python312\Scripts\;C:\Users\parke\AppData\Local\Programs\Python\Python312\;C:\Users\parke\AppData\Local\Microsoft\WindowsApps;C:\Users\parke\AppData\Local\Programs\Microsoft VS Code\bin;C:\Users\parke\.dotnet\tools;C:\MinGW\bin;C:\Users\parke\AppData\Local\Microsoft\WinGet\Packages\Kubernetes.kind_Microsoft.Winget.Source_8wekyb3d8bbwe;C:\Program Files\JetBrains\IntelliJ IDEA 2024.1.4\bin;C:\Users\parke\AppData\Local\JetBrains\Toolbox\scripts;;."/>
    <property name="java.vm.info" value="mixed mode"/>
    <property name="stderr.encoding" value="Cp1252"/>
    <property name="java.vendor" value="Amazon.com Inc."/>
    <property name="java.vm.version" value="21.0.4+7-LTS"/>
    <property name="sun.io.unicode.encoding" value="UnicodeLittle"/>
    <property name="java.class.version" value="65.0"/>
  </properties>
  <testcase name="testToString" classname="teampixl.com.pixlpos.constructs.IngredientsTest" time="0.004"/>
  <testcase name="testIngredientCreation" classname="teampixl.com.pixlpos.constructs.IngredientsTest" time="0.001"/>
</testsuite>